[ 2013-11-29T15:19:07+08:00 ] 127.0.0.1 /kry/
INFO: [ app_begin ] --START--
INFO: Run ReadHtmlCache Behavior [ RunTime:0.001312s ]
INFO: [ app_begin ] --END-- [ RunTime:0.001401s ]
SQL: SHOW COLUMNS FROM `kr_navigation` [ RunTime:0.019460s ]
SQL: SHOW COLUMNS FROM `kr_article` [ RunTime:0.002561s ]
NOTIC: [2] Missing argument 1 for Menu::getNav(), called in F:\AppServ\www\kry\kingray\Lib\Common\Menu.class.php on line 14 and defined F:\AppServ\www\kry\kingray\Lib\Common\Menu.class.php 第 20 行.
SQL: SELECT `id`,`nav_name` FROM `kr_navigation` WHERE ( `fid` = 0 ) ORDER BY sort  [ RunTime:0.001545s ]
SQL: SELECT `id`,`nav_name` FROM `kr_navigation` WHERE ( `fid` = 1 ) ORDER BY sort  [ RunTime:0.000165s ]
SQL: SELECT `id`,`nav_name` FROM `kr_navigation` WHERE ( `fid` = 11 ) ORDER BY sort  [ RunTime:0.000149s ]
NOTIC: [2] Invalid argument supplied for foreach() F:\AppServ\www\kry\kingray\Lib\Common\Menu.class.php 第 31 行.
SQL: SELECT `id`,`nav_name` FROM `kr_navigation` WHERE ( `fid` = 33 ) ORDER BY sort  [ RunTime:0.000160s ]
NOTIC: [2] Invalid argument supplied for foreach() F:\AppServ\www\kry\kingray\Lib\Common\Menu.class.php 第 31 行.
SQL: SELECT `id`,`nav_name` FROM `kr_navigation` WHERE ( `fid` = 34 ) ORDER BY sort  [ RunTime:0.000149s ]
NOTIC: [2] Invalid argument supplied for foreach() F:\AppServ\www\kry\kingray\Lib\Common\Menu.class.php 第 31 行.
SQL: SELECT `id`,`nav_name` FROM `kr_navigation` WHERE ( `fid` = 8 ) ORDER BY sort  [ RunTime:0.000145s ]
NOTIC: [2] Invalid argument supplied for foreach() F:\AppServ\www\kry\kingray\Lib\Common\Menu.class.php 第 31 行.
SQL: SELECT `id`,`nav_name` FROM `kr_navigation` WHERE ( `fid` = 2 ) ORDER BY sort  [ RunTime:0.000149s ]
SQL: SELECT `id`,`nav_name` FROM `kr_navigation` WHERE ( `fid` = 10 ) ORDER BY sort  [ RunTime:0.000143s ]
NOTIC: [2] Invalid argument supplied for foreach() F:\AppServ\www\kry\kingray\Lib\Common\Menu.class.php 第 31 行.
SQL: SELECT `id`,`nav_name` FROM `kr_navigation` WHERE ( `fid` = 9 ) ORDER BY sort  [ RunTime:0.000143s ]
NOTIC: [2] Invalid argument supplied for foreach() F:\AppServ\www\kry\kingray\Lib\Common\Menu.class.php 第 31 行.
SQL: SELECT `id`,`nav_name` FROM `kr_navigation` WHERE ( `fid` = 36 ) ORDER BY sort  [ RunTime:0.000143s ]
NOTIC: [2] Invalid argument supplied for foreach() F:\AppServ\www\kry\kingray\Lib\Common\Menu.class.php 第 31 行.
SQL: SELECT `id`,`nav_name` FROM `kr_navigation` WHERE ( `fid` = 16 ) ORDER BY sort  [ RunTime:0.000147s ]
SQL: SELECT `id`,`nav_name` FROM `kr_navigation` WHERE ( `fid` = 27 ) ORDER BY sort  [ RunTime:0.000143s ]
NOTIC: [2] Invalid argument supplied for foreach() F:\AppServ\www\kry\kingray\Lib\Common\Menu.class.php 第 31 行.
SQL: SELECT `id`,`nav_name` FROM `kr_navigation` WHERE ( `fid` = 17 ) ORDER BY sort  [ RunTime:0.000173s ]
NOTIC: [2] Invalid argument supplied for foreach() F:\AppServ\www\kry\kingray\Lib\Common\Menu.class.php 第 31 行.
SQL: SELECT `id`,`nav_name` FROM `kr_navigation` WHERE ( `fid` = 18 ) ORDER BY sort  [ RunTime:0.000156s ]
NOTIC: [2] Invalid argument supplied for foreach() F:\AppServ\www\kry\kingray\Lib\Common\Menu.class.php 第 31 行.
SQL: SELECT `id`,`nav_name` FROM `kr_navigation` WHERE ( `fid` = 26 ) ORDER BY sort  [ RunTime:0.000158s ]
NOTIC: [2] Invalid argument supplied for foreach() F:\AppServ\www\kry\kingray\Lib\Common\Menu.class.php 第 31 行.
NOTIC: [2] Missing argument 1 for Content::__construct(), called in F:\AppServ\www\kry\kingray\Lib\Action\Home\IndexAction.class.php on line 14 and defined F:\AppServ\www\kry\kingray\Lib\Common\Content.class.php 第 12 行.
SQL: SHOW COLUMNS FROM kr_article a [ RunTime:0.000248s ]
ERR: You have an error in your SQL syntax; check the manual that corresponds to your MySQL server version for the right syntax to use near 'a' at line 1
 [ SQL语句 ] : SHOW COLUMNS FROM kr_article a
SQL: SHOW COLUMNS FROM `kr_paragraph` [ RunTime:0.012246s ]
NOTIC: [8] Undefined variable: id F:\AppServ\www\kry\kingray\Lib\Common\Content.class.php 第 16 行.
SQL: SELECT a.id,p.content,p.img FROM kr_article a LEFT JOIN kr_paragraph p on a.id =p.aid  WHERE ( `home_page` = 1 ) ORDER BY time desc LIMIT 1   [ RunTime:0.015161s ]
SQL: SELECT a.id,a.title,p.content,p.img FROM kr_article a LEFT JOIN kr_paragraph p on a.id =p.aid  WHERE ( `home_page` = 2 ) ORDER BY time desc LIMIT 1   [ RunTime:0.001041s ]
SQL: SELECT a.id,a.title,p.content,p.img FROM kr_article a LEFT JOIN kr_paragraph p on a.id =p.aid  WHERE ( `home_page` = 4 ) ORDER BY time desc LIMIT 1   [ RunTime:0.000896s ]
SQL: SELECT a.id,p.content,p.img FROM kr_article a LEFT JOIN kr_paragraph p on a.id =p.aid  WHERE ( `home_page` = 3 ) ORDER BY time desc LIMIT 1   [ RunTime:0.000852s ]
INFO: [ view_template ] --START--
INFO: Run LocationTemplate Behavior [ RunTime:0.007875s ]
INFO: [ view_template ] --END-- [ RunTime:0.007952s ]
INFO: [ view_parse ] --START--
INFO: Run ParseTemplate Behavior [ RunTime:0.052883s ]
INFO: [ view_parse ] --END-- [ RunTime:0.052958s ]
INFO: [ view_filter ] --START--
INFO: Run ContentReplace Behavior [ RunTime:0.000990s ]
INFO: Run TokenBuild Behavior [ RunTime:0.000889s ]
INFO: Run WriteHtmlCache Behavior [ RunTime:0.000758s ]
INFO: Run ShowRuntime Behavior [ RunTime:0.000914s ]
INFO: [ view_filter ] --END-- [ RunTime:0.003696s ]
INFO: [ view_end ] --START--
INFO: Run ShowPageTrace Behavior [ RunTime:0.000969s ]
INFO: [ view_end ] --END-- [ RunTime:0.001018s ]

[ 2013-11-29T15:20:30+08:00 ] 127.0.0.1 /kry/
INFO: [ app_begin ] --START--
INFO: Run ReadHtmlCache Behavior [ RunTime:0.000902s ]
INFO: [ app_begin ] --END-- [ RunTime:0.000988s ]
SQL: SHOW COLUMNS FROM `kr_navigation` [ RunTime:0.001489s ]
SQL: SHOW COLUMNS FROM `kr_article` [ RunTime:0.001191s ]
NOTIC: [2] Missing argument 1 for Menu::getNav(), called in F:\AppServ\www\kry\kingray\Lib\Common\Menu.class.php on line 14 and defined F:\AppServ\www\kry\kingray\Lib\Common\Menu.class.php 第 20 行.
SQL: SELECT `id`,`nav_name` FROM `kr_navigation` WHERE ( `fid` = 0 ) ORDER BY sort  [ RunTime:0.000201s ]
SQL: SELECT `id`,`nav_name` FROM `kr_navigation` WHERE ( `fid` = 1 ) ORDER BY sort  [ RunTime:0.000173s ]
SQL: SELECT `id`,`nav_name` FROM `kr_navigation` WHERE ( `fid` = 11 ) ORDER BY sort  [ RunTime:0.000151s ]
NOTIC: [2] Invalid argument supplied for foreach() F:\AppServ\www\kry\kingray\Lib\Common\Menu.class.php 第 31 行.
SQL: SELECT `id`,`nav_name` FROM `kr_navigation` WHERE ( `fid` = 33 ) ORDER BY sort  [ RunTime:0.000149s ]
NOTIC: [2] Invalid argument supplied for foreach() F:\AppServ\www\kry\kingray\Lib\Common\Menu.class.php 第 31 行.
SQL: SELECT `id`,`nav_name` FROM `kr_navigation` WHERE ( `fid` = 34 ) ORDER BY sort  [ RunTime:0.000151s ]
NOTIC: [2] Invalid argument supplied for foreach() F:\AppServ\www\kry\kingray\Lib\Common\Menu.class.php 第 31 行.
SQL: SELECT `id`,`nav_name` FROM `kr_navigation` WHERE ( `fid` = 8 ) ORDER BY sort  [ RunTime:0.000145s ]
NOTIC: [2] Invalid argument supplied for foreach() F:\AppServ\www\kry\kingray\Lib\Common\Menu.class.php 第 31 行.
SQL: SELECT `id`,`nav_name` FROM `kr_navigation` WHERE ( `fid` = 2 ) ORDER BY sort  [ RunTime:0.000157s ]
SQL: SELECT `id`,`nav_name` FROM `kr_navigation` WHERE ( `fid` = 10 ) ORDER BY sort  [ RunTime:0.000141s ]
NOTIC: [2] Invalid argument supplied for foreach() F:\AppServ\www\kry\kingray\Lib\Common\Menu.class.php 第 31 行.
SQL: SELECT `id`,`nav_name` FROM `kr_navigation` WHERE ( `fid` = 9 ) ORDER BY sort  [ RunTime:0.000142s ]
NOTIC: [2] Invalid argument supplied for foreach() F:\AppServ\www\kry\kingray\Lib\Common\Menu.class.php 第 31 行.
SQL: SELECT `id`,`nav_name` FROM `kr_navigation` WHERE ( `fid` = 36 ) ORDER BY sort  [ RunTime:0.000138s ]
NOTIC: [2] Invalid argument supplied for foreach() F:\AppServ\www\kry\kingray\Lib\Common\Menu.class.php 第 31 行.
SQL: SELECT `id`,`nav_name` FROM `kr_navigation` WHERE ( `fid` = 16 ) ORDER BY sort  [ RunTime:0.000144s ]
SQL: SELECT `id`,`nav_name` FROM `kr_navigation` WHERE ( `fid` = 27 ) ORDER BY sort  [ RunTime:0.000141s ]
NOTIC: [2] Invalid argument supplied for foreach() F:\AppServ\www\kry\kingray\Lib\Common\Menu.class.php 第 31 行.
SQL: SELECT `id`,`nav_name` FROM `kr_navigation` WHERE ( `fid` = 17 ) ORDER BY sort  [ RunTime:0.000141s ]
NOTIC: [2] Invalid argument supplied for foreach() F:\AppServ\www\kry\kingray\Lib\Common\Menu.class.php 第 31 行.
SQL: SELECT `id`,`nav_name` FROM `kr_navigation` WHERE ( `fid` = 18 ) ORDER BY sort  [ RunTime:0.000141s ]
NOTIC: [2] Invalid argument supplied for foreach() F:\AppServ\www\kry\kingray\Lib\Common\Menu.class.php 第 31 行.
SQL: SELECT `id`,`nav_name` FROM `kr_navigation` WHERE ( `fid` = 26 ) ORDER BY sort  [ RunTime:0.000140s ]
NOTIC: [2] Invalid argument supplied for foreach() F:\AppServ\www\kry\kingray\Lib\Common\Menu.class.php 第 31 行.
NOTIC: [2] Missing argument 1 for Content::__construct(), called in F:\AppServ\www\kry\kingray\Lib\Action\Home\IndexAction.class.php on line 14 and defined F:\AppServ\www\kry\kingray\Lib\Common\Content.class.php 第 12 行.
SQL: SHOW COLUMNS FROM kr_article a [ RunTime:0.000153s ]
ERR: You have an error in your SQL syntax; check the manual that corresponds to your MySQL server version for the right syntax to use near 'a' at line 1
 [ SQL语句 ] : SHOW COLUMNS FROM kr_article a
SQL: SHOW COLUMNS FROM `kr_paragraph` [ RunTime:0.001389s ]
NOTIC: [8] Undefined variable: id F:\AppServ\www\kry\kingray\Lib\Common\Content.class.php 第 16 行.
SQL: SELECT a.id,p.content,p.img FROM kr_article a LEFT JOIN kr_paragraph p on a.id =p.aid  WHERE ( `home_page` = 1 ) ORDER BY time desc LIMIT 1   [ RunTime:0.001017s ]
SQL: SELECT a.id,a.title,p.content,p.img FROM kr_article a LEFT JOIN kr_paragraph p on a.id =p.aid  WHERE ( `home_page` = 2 ) ORDER BY time desc LIMIT 1   [ RunTime:0.000984s ]
SQL: SELECT a.id,a.title,p.content,p.img FROM kr_article a LEFT JOIN kr_paragraph p on a.id =p.aid  WHERE ( `home_page` = 4 ) ORDER BY time desc LIMIT 1   [ RunTime:0.001000s ]
SQL: SELECT a.id,p.content,p.img FROM kr_article a LEFT JOIN kr_paragraph p on a.id =p.aid  WHERE ( `home_page` = 3 ) ORDER BY time desc LIMIT 1   [ RunTime:0.000975s ]
INFO: [ view_template ] --START--
INFO: Run LocationTemplate Behavior [ RunTime:0.001301s ]
INFO: [ view_template ] --END-- [ RunTime:0.001367s ]
INFO: [ view_parse ] --START--
INFO: Run ParseTemplate Behavior [ RunTime:0.024175s ]
INFO: [ view_parse ] --END-- [ RunTime:0.024246s ]
INFO: [ view_filter ] --START--
INFO: Run ContentReplace Behavior [ RunTime:0.000802s ]
INFO: Run TokenBuild Behavior [ RunTime:0.000735s ]
INFO: Run WriteHtmlCache Behavior [ RunTime:0.000573s ]
INFO: Run ShowRuntime Behavior [ RunTime:0.000749s ]
INFO: [ view_filter ] --END-- [ RunTime:0.003000s ]
INFO: [ view_end ] --START--
INFO: Run ShowPageTrace Behavior [ RunTime:0.000849s ]
INFO: [ view_end ] --END-- [ RunTime:0.000899s ]

[ 2013-11-29T15:21:16+08:00 ] 127.0.0.1 /kry_first/
INFO: [ app_begin ] --START--
INFO: Run ReadHtmlCache Behavior [ RunTime:0.000859s ]
INFO: [ app_begin ] --END-- [ RunTime:0.000936s ]
SQL: SHOW COLUMNS FROM `kr_navigation` [ RunTime:0.001346s ]
SQL: SHOW COLUMNS FROM `kr_article` [ RunTime:0.001723s ]
NOTIC: [2] Missing argument 1 for Menu::getNav(), called in F:\AppServ\www\kry_first\kingray\Lib\Common\Menu.class.php on line 14 and defined F:\AppServ\www\kry_first\kingray\Lib\Common\Menu.class.php 第 20 行.
SQL: SELECT `id`,`nav_name` FROM `kr_navigation` WHERE ( `fid` = 0 ) ORDER BY sort  [ RunTime:0.000249s ]
SQL: SELECT `id`,`nav_name` FROM `kr_navigation` WHERE ( `fid` = 1 ) ORDER BY sort  [ RunTime:0.000143s ]
SQL: SELECT `id`,`nav_name` FROM `kr_navigation` WHERE ( `fid` = 11 ) ORDER BY sort  [ RunTime:0.000163s ]
NOTIC: [2] Invalid argument supplied for foreach() F:\AppServ\www\kry_first\kingray\Lib\Common\Menu.class.php 第 31 行.
SQL: SELECT `id`,`nav_name` FROM `kr_navigation` WHERE ( `fid` = 33 ) ORDER BY sort  [ RunTime:0.000149s ]
NOTIC: [2] Invalid argument supplied for foreach() F:\AppServ\www\kry_first\kingray\Lib\Common\Menu.class.php 第 31 行.
SQL: SELECT `id`,`nav_name` FROM `kr_navigation` WHERE ( `fid` = 34 ) ORDER BY sort  [ RunTime:0.000151s ]
NOTIC: [2] Invalid argument supplied for foreach() F:\AppServ\www\kry_first\kingray\Lib\Common\Menu.class.php 第 31 行.
SQL: SELECT `id`,`nav_name` FROM `kr_navigation` WHERE ( `fid` = 8 ) ORDER BY sort  [ RunTime:0.000137s ]
NOTIC: [2] Invalid argument supplied for foreach() F:\AppServ\www\kry_first\kingray\Lib\Common\Menu.class.php 第 31 行.
SQL: SELECT `id`,`nav_name` FROM `kr_navigation` WHERE ( `fid` = 2 ) ORDER BY sort  [ RunTime:0.000153s ]
SQL: SELECT `id`,`nav_name` FROM `kr_navigation` WHERE ( `fid` = 10 ) ORDER BY sort  [ RunTime:0.000132s ]
NOTIC: [2] Invalid argument supplied for foreach() F:\AppServ\www\kry_first\kingray\Lib\Common\Menu.class.php 第 31 行.
SQL: SELECT `id`,`nav_name` FROM `kr_navigation` WHERE ( `fid` = 9 ) ORDER BY sort  [ RunTime:0.000118s ]
NOTIC: [2] Invalid argument supplied for foreach() F:\AppServ\www\kry_first\kingray\Lib\Common\Menu.class.php 第 31 行.
SQL: SELECT `id`,`nav_name` FROM `kr_navigation` WHERE ( `fid` = 36 ) ORDER BY sort  [ RunTime:0.000113s ]
NOTIC: [2] Invalid argument supplied for foreach() F:\AppServ\www\kry_first\kingray\Lib\Common\Menu.class.php 第 31 行.
SQL: SELECT `id`,`nav_name` FROM `kr_navigation` WHERE ( `fid` = 16 ) ORDER BY sort  [ RunTime:0.000144s ]
SQL: SELECT `id`,`nav_name` FROM `kr_navigation` WHERE ( `fid` = 27 ) ORDER BY sort  [ RunTime:0.000137s ]
NOTIC: [2] Invalid argument supplied for foreach() F:\AppServ\www\kry_first\kingray\Lib\Common\Menu.class.php 第 31 行.
SQL: SELECT `id`,`nav_name` FROM `kr_navigation` WHERE ( `fid` = 17 ) ORDER BY sort  [ RunTime:0.000141s ]
NOTIC: [2] Invalid argument supplied for foreach() F:\AppServ\www\kry_first\kingray\Lib\Common\Menu.class.php 第 31 行.
SQL: SELECT `id`,`nav_name` FROM `kr_navigation` WHERE ( `fid` = 18 ) ORDER BY sort  [ RunTime:0.000133s ]
NOTIC: [2] Invalid argument supplied for foreach() F:\AppServ\www\kry_first\kingray\Lib\Common\Menu.class.php 第 31 行.
SQL: SELECT `id`,`nav_name` FROM `kr_navigation` WHERE ( `fid` = 26 ) ORDER BY sort  [ RunTime:0.000130s ]
NOTIC: [2] Invalid argument supplied for foreach() F:\AppServ\www\kry_first\kingray\Lib\Common\Menu.class.php 第 31 行.
NOTIC: [2] Missing argument 1 for Content::__construct(), called in F:\AppServ\www\kry_first\kingray\Lib\Action\Home\IndexAction.class.php on line 14 and defined F:\AppServ\www\kry_first\kingray\Lib\Common\Content.class.php 第 12 行.
SQL: SHOW COLUMNS FROM kr_article a [ RunTime:0.000093s ]
ERR: You have an error in your SQL syntax; check the manual that corresponds to your MySQL server version for the right syntax to use near 'a' at line 1
 [ SQL语句 ] : SHOW COLUMNS FROM kr_article a
SQL: SHOW COLUMNS FROM `kr_paragraph` [ RunTime:0.001320s ]
NOTIC: [8] Undefined variable: id F:\AppServ\www\kry_first\kingray\Lib\Common\Content.class.php 第 16 行.
SQL: SELECT a.id,p.content,p.img FROM kr_article a LEFT JOIN kr_paragraph p on a.id =p.aid  WHERE ( `home_page` = 1 ) ORDER BY time desc LIMIT 1   [ RunTime:0.001665s ]
SQL: SELECT a.id,a.title,p.content,p.img FROM kr_article a LEFT JOIN kr_paragraph p on a.id =p.aid  WHERE ( `home_page` = 2 ) ORDER BY time desc LIMIT 1   [ RunTime:0.001420s ]
SQL: SELECT a.id,a.title,p.content,p.img FROM kr_article a LEFT JOIN kr_paragraph p on a.id =p.aid  WHERE ( `home_page` = 4 ) ORDER BY time desc LIMIT 1   [ RunTime:0.001127s ]
SQL: SELECT a.id,p.content,p.img FROM kr_article a LEFT JOIN kr_paragraph p on a.id =p.aid  WHERE ( `home_page` = 3 ) ORDER BY time desc LIMIT 1   [ RunTime:0.001045s ]
INFO: [ view_template ] --START--
INFO: Run LocationTemplate Behavior [ RunTime:0.001580s ]
INFO: [ view_template ] --END-- [ RunTime:0.001668s ]
INFO: [ view_parse ] --START--
INFO: Run ParseTemplate Behavior [ RunTime:0.023007s ]
INFO: [ view_parse ] --END-- [ RunTime:0.023104s ]
INFO: [ view_filter ] --START--
INFO: Run ContentReplace Behavior [ RunTime:0.001310s ]
INFO: Run TokenBuild Behavior [ RunTime:0.001128s ]
INFO: Run WriteHtmlCache Behavior [ RunTime:0.000983s ]
INFO: Run ShowRuntime Behavior [ RunTime:0.001142s ]
INFO: [ view_filter ] --END-- [ RunTime:0.004718s ]
INFO: [ view_end ] --START--
INFO: Run ShowPageTrace Behavior [ RunTime:0.001252s ]
INFO: [ view_end ] --END-- [ RunTime:0.001305s ]

[ 2013-11-29T15:21:19+08:00 ] 127.0.0.1 /kry_first/index.php/Index/article/detail/68
INFO: [ route_check ] --START--
INFO: Run CheckRoute Behavior [ RunTime:0.001454s ]
INFO: [ route_check ] --END-- [ RunTime:0.001528s ]
INFO: [ app_begin ] --START--
INFO: Run ReadHtmlCache Behavior [ RunTime:0.000406s ]
INFO: [ app_begin ] --END-- [ RunTime:0.000465s ]
SQL: SHOW COLUMNS FROM `kr_navigation` [ RunTime:0.001815s ]
SQL: SHOW COLUMNS FROM `kr_article` [ RunTime:0.001204s ]
NOTIC: [2] Missing argument 1 for Menu::getNav(), called in F:\AppServ\www\kry_first\kingray\Lib\Common\Menu.class.php on line 14 and defined F:\AppServ\www\kry_first\kingray\Lib\Common\Menu.class.php 第 20 行.
SQL: SELECT `id`,`nav_name` FROM `kr_navigation` WHERE ( `fid` = 0 ) ORDER BY sort  [ RunTime:0.000270s ]
SQL: SELECT `id`,`nav_name` FROM `kr_navigation` WHERE ( `fid` = 1 ) ORDER BY sort  [ RunTime:0.000160s ]
SQL: SELECT `id`,`nav_name` FROM `kr_navigation` WHERE ( `fid` = 11 ) ORDER BY sort  [ RunTime:0.000151s ]
NOTIC: [2] Invalid argument supplied for foreach() F:\AppServ\www\kry_first\kingray\Lib\Common\Menu.class.php 第 31 行.
SQL: SELECT `id`,`nav_name` FROM `kr_navigation` WHERE ( `fid` = 33 ) ORDER BY sort  [ RunTime:0.000169s ]
NOTIC: [2] Invalid argument supplied for foreach() F:\AppServ\www\kry_first\kingray\Lib\Common\Menu.class.php 第 31 行.
SQL: SELECT `id`,`nav_name` FROM `kr_navigation` WHERE ( `fid` = 34 ) ORDER BY sort  [ RunTime:0.000147s ]
NOTIC: [2] Invalid argument supplied for foreach() F:\AppServ\www\kry_first\kingray\Lib\Common\Menu.class.php 第 31 行.
SQL: SELECT `id`,`nav_name` FROM `kr_navigation` WHERE ( `fid` = 8 ) ORDER BY sort  [ RunTime:0.000158s ]
NOTIC: [2] Invalid argument supplied for foreach() F:\AppServ\www\kry_first\kingray\Lib\Common\Menu.class.php 第 31 行.
SQL: SELECT `id`,`nav_name` FROM `kr_navigation` WHERE ( `fid` = 2 ) ORDER BY sort  [ RunTime:0.000156s ]
SQL: SELECT `id`,`nav_name` FROM `kr_navigation` WHERE ( `fid` = 10 ) ORDER BY sort  [ RunTime:0.000150s ]
NOTIC: [2] Invalid argument supplied for foreach() F:\AppServ\www\kry_first\kingray\Lib\Common\Menu.class.php 第 31 行.
SQL: SELECT `id`,`nav_name` FROM `kr_navigation` WHERE ( `fid` = 9 ) ORDER BY sort  [ RunTime:0.000153s ]
NOTIC: [2] Invalid argument supplied for foreach() F:\AppServ\www\kry_first\kingray\Lib\Common\Menu.class.php 第 31 行.
SQL: SELECT `id`,`nav_name` FROM `kr_navigation` WHERE ( `fid` = 36 ) ORDER BY sort  [ RunTime:0.000180s ]
NOTIC: [2] Invalid argument supplied for foreach() F:\AppServ\www\kry_first\kingray\Lib\Common\Menu.class.php 第 31 行.
SQL: SELECT `id`,`nav_name` FROM `kr_navigation` WHERE ( `fid` = 16 ) ORDER BY sort  [ RunTime:0.000161s ]
SQL: SELECT `id`,`nav_name` FROM `kr_navigation` WHERE ( `fid` = 27 ) ORDER BY sort  [ RunTime:0.000155s ]
NOTIC: [2] Invalid argument supplied for foreach() F:\AppServ\www\kry_first\kingray\Lib\Common\Menu.class.php 第 31 行.
SQL: SELECT `id`,`nav_name` FROM `kr_navigation` WHERE ( `fid` = 17 ) ORDER BY sort  [ RunTime:0.000153s ]
NOTIC: [2] Invalid argument supplied for foreach() F:\AppServ\www\kry_first\kingray\Lib\Common\Menu.class.php 第 31 行.
SQL: SELECT `id`,`nav_name` FROM `kr_navigation` WHERE ( `fid` = 18 ) ORDER BY sort  [ RunTime:0.000150s ]
NOTIC: [2] Invalid argument supplied for foreach() F:\AppServ\www\kry_first\kingray\Lib\Common\Menu.class.php 第 31 行.
SQL: SELECT `id`,`nav_name` FROM `kr_navigation` WHERE ( `fid` = 26 ) ORDER BY sort  [ RunTime:0.000161s ]
NOTIC: [2] Invalid argument supplied for foreach() F:\AppServ\www\kry_first\kingray\Lib\Common\Menu.class.php 第 31 行.
SQL: SELECT * FROM `kr_navigation` WHERE ( `id` = 68 ) LIMIT 1   [ RunTime:0.000172s ]
SQL: SELECT `nav_id` FROM `kr_article` WHERE ( `id` = 68 ) LIMIT 1   [ RunTime:0.000150s ]
SQL: SELECT `id`,`fid` FROM `kr_navigation` WHERE ( `id` = 10 ) LIMIT 1   [ RunTime:0.000138s ]
SQL: SELECT `id`,`fid`,`nav_name` FROM `kr_navigation` WHERE ( `id` = 2 ) LIMIT 1   [ RunTime:0.000138s ]
SQL: SELECT * FROM `kr_navigation` WHERE ( `id` = 68 ) LIMIT 1   [ RunTime:0.000126s ]
SQL: SELECT `nav_id` FROM `kr_article` WHERE ( `id` = 68 ) LIMIT 1   [ RunTime:0.000190s ]
SQL: SELECT `id`,`fid` FROM `kr_navigation` WHERE ( `id` = 10 ) LIMIT 1   [ RunTime:0.000143s ]
SQL: SELECT `id`,`nav_name` FROM `kr_navigation` WHERE ( `fid` = 2 ) ORDER BY sort  [ RunTime:0.000182s ]
SQL: SHOW COLUMNS FROM kr_article a [ RunTime:0.000127s ]
ERR: You have an error in your SQL syntax; check the manual that corresponds to your MySQL server version for the right syntax to use near 'a' at line 1
 [ SQL语句 ] : SHOW COLUMNS FROM kr_article a
SQL: SHOW COLUMNS FROM `kr_paragraph` [ RunTime:0.001796s ]
SQL: SELECT `level` FROM `kr_navigation` WHERE ( `id` = 68 ) LIMIT 1   [ RunTime:0.000311s ]
SQL: SELECT `nav_id` FROM kr_article a WHERE ( `id` = '68' ) LIMIT 1   [ RunTime:0.000162s ]
SQL: SELECT `fid` FROM `kr_navigation` WHERE ( `id` = 10 ) LIMIT 1   [ RunTime:0.000142s ]
SQL: SELECT `nav_name`,`id` FROM `kr_navigation` WHERE ( `id` = 2 ) LIMIT 1   [ RunTime:0.000141s ]
SQL: SELECT `nav_name`,`id` FROM `kr_navigation` WHERE ( `id` = 10 ) LIMIT 1   [ RunTime:0.000144s ]
SQL: SELECT `id`,`title` FROM kr_article a WHERE ( `id` = '68' ) LIMIT 1   [ RunTime:0.000141s ]
SQL: SELECT `id`,`title`,`time` FROM kr_article a WHERE ( `id` = '68' ) LIMIT 1   [ RunTime:0.000142s ]
SQL: SELECT `title`,`content`,`img` FROM `kr_paragraph` WHERE ( `aid` = 68 )  [ RunTime:0.000186s ]
SQL: SELECT `id` FROM `kr_navigation` WHERE ( `fid` IN ('2','16') )  [ RunTime:0.000136s ]
SQL: SELECT `id`,`title` FROM kr_article a WHERE ( `nav_id` IN ('27','9','10','17','36') ) ORDER BY time desc LIMIT 5   [ RunTime:0.000173s ]
SQL: SELECT `content` FROM `kr_paragraph` WHERE ( `aid` = 80 ) LIMIT 1   [ RunTime:0.000142s ]
SQL: SELECT `content` FROM `kr_paragraph` WHERE ( `aid` = 79 ) LIMIT 1   [ RunTime:0.000127s ]
SQL: SELECT `content` FROM `kr_paragraph` WHERE ( `aid` = 68 ) LIMIT 1   [ RunTime:0.000111s ]
SQL: SELECT `content` FROM `kr_paragraph` WHERE ( `aid` = 65 ) LIMIT 1   [ RunTime:0.000108s ]
SQL: SELECT `content` FROM `kr_paragraph` WHERE ( `aid` = 55 ) LIMIT 1   [ RunTime:0.000120s ]
INFO: [ view_template ] --START--
INFO: Run LocationTemplate Behavior [ RunTime:0.001257s ]
INFO: [ view_template ] --END-- [ RunTime:0.001318s ]
INFO: [ view_parse ] --START--
NOTIC: [8] Undefined variable: currentId F:\AppServ\www\kry_first\kingray\Runtime\Cache\Home\08a9df172aaf23f885f25aa571e97b64.php 第 184 行.
INFO: Run ParseTemplate Behavior [ RunTime:0.024221s ]
INFO: [ view_parse ] --END-- [ RunTime:0.024289s ]
INFO: [ view_filter ] --START--
INFO: Run ContentReplace Behavior [ RunTime:0.001171s ]
INFO: Run TokenBuild Behavior [ RunTime:0.001049s ]
INFO: Run WriteHtmlCache Behavior [ RunTime:0.000948s ]
INFO: Run ShowRuntime Behavior [ RunTime:0.001105s ]
INFO: [ view_filter ] --END-- [ RunTime:0.004418s ]
INFO: [ view_end ] --START--
INFO: Run ShowPageTrace Behavior [ RunTime:0.001196s ]
INFO: [ view_end ] --END-- [ RunTime:0.001248s ]

[ 2013-11-29T16:40:55+08:00 ] 127.0.0.1 /kry_first/
INFO: [ app_begin ] --START--
INFO: Run ReadHtmlCache Behavior [ RunTime:0.000832s ]
INFO: [ app_begin ] --END-- [ RunTime:0.000911s ]
SQL: SHOW COLUMNS FROM `kr_navigation` [ RunTime:0.001444s ]
SQL: SHOW COLUMNS FROM `kr_article` [ RunTime:0.001331s ]
NOTIC: [2] Missing argument 1 for Menu::getNav(), called in F:\AppServ\www\kry_first\kingray\Lib\Common\Menu.class.php on line 14 and defined F:\AppServ\www\kry_first\kingray\Lib\Common\Menu.class.php 第 20 行.
SQL: SELECT `id`,`nav_name` FROM `kr_navigation` WHERE ( `fid` = 0 ) ORDER BY sort  [ RunTime:0.000231s ]
SQL: SELECT `id`,`nav_name` FROM `kr_navigation` WHERE ( `fid` = 1 ) ORDER BY sort  [ RunTime:0.000147s ]
SQL: SELECT `id`,`nav_name` FROM `kr_navigation` WHERE ( `fid` = 11 ) ORDER BY sort  [ RunTime:0.000138s ]
NOTIC: [2] Invalid argument supplied for foreach() F:\AppServ\www\kry_first\kingray\Lib\Common\Menu.class.php 第 31 行.
SQL: SELECT `id`,`nav_name` FROM `kr_navigation` WHERE ( `fid` = 33 ) ORDER BY sort  [ RunTime:0.000136s ]
NOTIC: [2] Invalid argument supplied for foreach() F:\AppServ\www\kry_first\kingray\Lib\Common\Menu.class.php 第 31 行.
SQL: SELECT `id`,`nav_name` FROM `kr_navigation` WHERE ( `fid` = 34 ) ORDER BY sort  [ RunTime:0.000131s ]
NOTIC: [2] Invalid argument supplied for foreach() F:\AppServ\www\kry_first\kingray\Lib\Common\Menu.class.php 第 31 行.
SQL: SELECT `id`,`nav_name` FROM `kr_navigation` WHERE ( `fid` = 8 ) ORDER BY sort  [ RunTime:0.000133s ]
NOTIC: [2] Invalid argument supplied for foreach() F:\AppServ\www\kry_first\kingray\Lib\Common\Menu.class.php 第 31 行.
SQL: SELECT `id`,`nav_name` FROM `kr_navigation` WHERE ( `fid` = 2 ) ORDER BY sort  [ RunTime:0.000134s ]
SQL: SELECT `id`,`nav_name` FROM `kr_navigation` WHERE ( `fid` = 10 ) ORDER BY sort  [ RunTime:0.000130s ]
NOTIC: [2] Invalid argument supplied for foreach() F:\AppServ\www\kry_first\kingray\Lib\Common\Menu.class.php 第 31 行.
SQL: SELECT `id`,`nav_name` FROM `kr_navigation` WHERE ( `fid` = 9 ) ORDER BY sort  [ RunTime:0.000130s ]
NOTIC: [2] Invalid argument supplied for foreach() F:\AppServ\www\kry_first\kingray\Lib\Common\Menu.class.php 第 31 行.
SQL: SELECT `id`,`nav_name` FROM `kr_navigation` WHERE ( `fid` = 36 ) ORDER BY sort  [ RunTime:0.000128s ]
NOTIC: [2] Invalid argument supplied for foreach() F:\AppServ\www\kry_first\kingray\Lib\Common\Menu.class.php 第 31 行.
SQL: SELECT `id`,`nav_name` FROM `kr_navigation` WHERE ( `fid` = 16 ) ORDER BY sort  [ RunTime:0.000132s ]
SQL: SELECT `id`,`nav_name` FROM `kr_navigation` WHERE ( `fid` = 27 ) ORDER BY sort  [ RunTime:0.000130s ]
NOTIC: [2] Invalid argument supplied for foreach() F:\AppServ\www\kry_first\kingray\Lib\Common\Menu.class.php 第 31 行.
SQL: SELECT `id`,`nav_name` FROM `kr_navigation` WHERE ( `fid` = 17 ) ORDER BY sort  [ RunTime:0.000128s ]
NOTIC: [2] Invalid argument supplied for foreach() F:\AppServ\www\kry_first\kingray\Lib\Common\Menu.class.php 第 31 行.
SQL: SELECT `id`,`nav_name` FROM `kr_navigation` WHERE ( `fid` = 18 ) ORDER BY sort  [ RunTime:0.000126s ]
NOTIC: [2] Invalid argument supplied for foreach() F:\AppServ\www\kry_first\kingray\Lib\Common\Menu.class.php 第 31 行.
SQL: SELECT `id`,`nav_name` FROM `kr_navigation` WHERE ( `fid` = 26 ) ORDER BY sort  [ RunTime:0.000125s ]
NOTIC: [2] Invalid argument supplied for foreach() F:\AppServ\www\kry_first\kingray\Lib\Common\Menu.class.php 第 31 行.
NOTIC: [2] Missing argument 1 for Content::__construct(), called in F:\AppServ\www\kry_first\kingray\Lib\Action\Home\IndexAction.class.php on line 14 and defined F:\AppServ\www\kry_first\kingray\Lib\Common\Content.class.php 第 12 行.
SQL: SHOW COLUMNS FROM kr_article a [ RunTime:0.000098s ]
ERR: You have an error in your SQL syntax; check the manual that corresponds to your MySQL server version for the right syntax to use near 'a' at line 1
 [ SQL语句 ] : SHOW COLUMNS FROM kr_article a
SQL: SHOW COLUMNS FROM `kr_paragraph` [ RunTime:0.001439s ]
NOTIC: [8] Undefined variable: id F:\AppServ\www\kry_first\kingray\Lib\Common\Content.class.php 第 16 行.
SQL: SELECT a.id,p.content,p.img FROM kr_article a LEFT JOIN kr_paragraph p on a.id =p.aid  WHERE ( `home_page` = 1 ) ORDER BY time desc LIMIT 1   [ RunTime:0.001019s ]
SQL: SELECT a.id,a.title,p.content,p.img FROM kr_article a LEFT JOIN kr_paragraph p on a.id =p.aid  WHERE ( `home_page` = 2 ) ORDER BY time desc LIMIT 1   [ RunTime:0.001013s ]
SQL: SELECT a.id,a.title,p.content,p.img FROM kr_article a LEFT JOIN kr_paragraph p on a.id =p.aid  WHERE ( `home_page` = 4 ) ORDER BY time desc LIMIT 1   [ RunTime:0.001009s ]
SQL: SELECT a.id,p.content,p.img FROM kr_article a LEFT JOIN kr_paragraph p on a.id =p.aid  WHERE ( `home_page` = 3 ) ORDER BY time desc LIMIT 1   [ RunTime:0.000994s ]
INFO: [ view_template ] --START--
INFO: Run LocationTemplate Behavior [ RunTime:0.001825s ]
INFO: [ view_template ] --END-- [ RunTime:0.001912s ]
INFO: [ view_parse ] --START--
INFO: Run ParseTemplate Behavior [ RunTime:0.021348s ]
INFO: [ view_parse ] --END-- [ RunTime:0.021420s ]
INFO: [ view_filter ] --START--
INFO: Run ContentReplace Behavior [ RunTime:0.000816s ]
INFO: Run TokenBuild Behavior [ RunTime:0.001057s ]
INFO: Run WriteHtmlCache Behavior [ RunTime:0.000957s ]
INFO: Run ShowRuntime Behavior [ RunTime:0.001115s ]
INFO: [ view_filter ] --END-- [ RunTime:0.004091s ]
INFO: [ view_end ] --START--
INFO: Run ShowPageTrace Behavior [ RunTime:0.001199s ]
INFO: [ view_end ] --END-- [ RunTime:0.001251s ]

[ 2013-11-29T16:50:59+08:00 ] 127.0.0.1 /kry_first/index.php/Index/content/detail/26
INFO: [ route_check ] --START--
INFO: Run CheckRoute Behavior [ RunTime:0.001064s ]
INFO: [ route_check ] --END-- [ RunTime:0.001144s ]
INFO: [ app_begin ] --START--
INFO: Run ReadHtmlCache Behavior [ RunTime:0.000810s ]
INFO: [ app_begin ] --END-- [ RunTime:0.000866s ]
SQL: SHOW COLUMNS FROM `kr_navigation` [ RunTime:0.001317s ]
SQL: SHOW COLUMNS FROM `kr_article` [ RunTime:0.001386s ]
NOTIC: [2] Missing argument 1 for Menu::getNav(), called in F:\AppServ\www\kry_first\kingray\Lib\Common\Menu.class.php on line 14 and defined F:\AppServ\www\kry_first\kingray\Lib\Common\Menu.class.php 第 20 行.
SQL: SELECT `id`,`nav_name` FROM `kr_navigation` WHERE ( `fid` = 0 ) ORDER BY sort  [ RunTime:0.000187s ]
SQL: SELECT `id`,`nav_name` FROM `kr_navigation` WHERE ( `fid` = 1 ) ORDER BY sort  [ RunTime:0.000151s ]
SQL: SELECT `id`,`nav_name` FROM `kr_navigation` WHERE ( `fid` = 11 ) ORDER BY sort  [ RunTime:0.000139s ]
NOTIC: [2] Invalid argument supplied for foreach() F:\AppServ\www\kry_first\kingray\Lib\Common\Menu.class.php 第 31 行.
SQL: SELECT `id`,`nav_name` FROM `kr_navigation` WHERE ( `fid` = 33 ) ORDER BY sort  [ RunTime:0.000161s ]
NOTIC: [2] Invalid argument supplied for foreach() F:\AppServ\www\kry_first\kingray\Lib\Common\Menu.class.php 第 31 行.
SQL: SELECT `id`,`nav_name` FROM `kr_navigation` WHERE ( `fid` = 34 ) ORDER BY sort  [ RunTime:0.000139s ]
NOTIC: [2] Invalid argument supplied for foreach() F:\AppServ\www\kry_first\kingray\Lib\Common\Menu.class.php 第 31 行.
SQL: SELECT `id`,`nav_name` FROM `kr_navigation` WHERE ( `fid` = 8 ) ORDER BY sort  [ RunTime:0.000132s ]
NOTIC: [2] Invalid argument supplied for foreach() F:\AppServ\www\kry_first\kingray\Lib\Common\Menu.class.php 第 31 行.
SQL: SELECT `id`,`nav_name` FROM `kr_navigation` WHERE ( `fid` = 2 ) ORDER BY sort  [ RunTime:0.000142s ]
SQL: SELECT `id`,`nav_name` FROM `kr_navigation` WHERE ( `fid` = 10 ) ORDER BY sort  [ RunTime:0.000143s ]
NOTIC: [2] Invalid argument supplied for foreach() F:\AppServ\www\kry_first\kingray\Lib\Common\Menu.class.php 第 31 行.
SQL: SELECT `id`,`nav_name` FROM `kr_navigation` WHERE ( `fid` = 9 ) ORDER BY sort  [ RunTime:0.000134s ]
NOTIC: [2] Invalid argument supplied for foreach() F:\AppServ\www\kry_first\kingray\Lib\Common\Menu.class.php 第 31 行.
SQL: SELECT `id`,`nav_name` FROM `kr_navigation` WHERE ( `fid` = 36 ) ORDER BY sort  [ RunTime:0.000141s ]
NOTIC: [2] Invalid argument supplied for foreach() F:\AppServ\www\kry_first\kingray\Lib\Common\Menu.class.php 第 31 行.
SQL: SELECT `id`,`nav_name` FROM `kr_navigation` WHERE ( `fid` = 16 ) ORDER BY sort  [ RunTime:0.000138s ]
SQL: SELECT `id`,`nav_name` FROM `kr_navigation` WHERE ( `fid` = 27 ) ORDER BY sort  [ RunTime:0.000132s ]
NOTIC: [2] Invalid argument supplied for foreach() F:\AppServ\www\kry_first\kingray\Lib\Common\Menu.class.php 第 31 行.
SQL: SELECT `id`,`nav_name` FROM `kr_navigation` WHERE ( `fid` = 17 ) ORDER BY sort  [ RunTime:0.000165s ]
NOTIC: [2] Invalid argument supplied for foreach() F:\AppServ\www\kry_first\kingray\Lib\Common\Menu.class.php 第 31 行.
SQL: SELECT `id`,`nav_name` FROM `kr_navigation` WHERE ( `fid` = 18 ) ORDER BY sort  [ RunTime:0.000129s ]
NOTIC: [2] Invalid argument supplied for foreach() F:\AppServ\www\kry_first\kingray\Lib\Common\Menu.class.php 第 31 行.
SQL: SELECT `id`,`nav_name` FROM `kr_navigation` WHERE ( `fid` = 26 ) ORDER BY sort  [ RunTime:0.000131s ]
NOTIC: [2] Invalid argument supplied for foreach() F:\AppServ\www\kry_first\kingray\Lib\Common\Menu.class.php 第 31 行.
SQL: SELECT * FROM `kr_navigation` WHERE ( `id` = 26 ) LIMIT 1   [ RunTime:0.000128s ]
SQL: SELECT `id`,`fid` FROM `kr_navigation` WHERE ( `id` = 26 ) LIMIT 1   [ RunTime:0.000119s ]
SQL: SELECT `id`,`fid`,`nav_name` FROM `kr_navigation` WHERE ( `id` = 26 ) LIMIT 1   [ RunTime:0.000118s ]
SQL: SELECT * FROM `kr_navigation` WHERE ( `id` = 26 ) LIMIT 1   [ RunTime:0.000128s ]
SQL: SELECT `id`,`fid` FROM `kr_navigation` WHERE ( `id` = 26 ) LIMIT 1   [ RunTime:0.000114s ]
SQL: SELECT `id`,`nav_name` FROM `kr_navigation` WHERE ( `fid` = 26 ) ORDER BY sort  [ RunTime:0.000127s ]
NOTIC: [2] Invalid argument supplied for foreach() F:\AppServ\www\kry_first\kingray\Lib\Common\Menu.class.php 第 79 行.
SQL: SHOW COLUMNS FROM kr_article a [ RunTime:0.000104s ]
ERR: You have an error in your SQL syntax; check the manual that corresponds to your MySQL server version for the right syntax to use near 'a' at line 1
 [ SQL语句 ] : SHOW COLUMNS FROM kr_article a
SQL: SHOW COLUMNS FROM `kr_paragraph` [ RunTime:0.001809s ]
SQL: SELECT `level` FROM `kr_navigation` WHERE ( `id` = 26 ) LIMIT 1   [ RunTime:0.000156s ]
SQL: SELECT `id` FROM kr_article a WHERE ( `nav_id` = '26' ) LIMIT 1   [ RunTime:0.000129s ]
NOTIC: [2] Missing argument 1 for Content::getNavPath(), called in F:\AppServ\www\kry_first\kingray\Lib\Action\Home\IndexAction.class.php on line 49 and defined F:\AppServ\www\kry_first\kingray\Lib\Common\Content.class.php 第 176 行.
SQL: SELECT `fid` FROM `kr_navigation` WHERE ( `id` = 26 ) LIMIT 1   [ RunTime:0.000119s ]
SQL: SELECT `nav_name`,`id` FROM `kr_navigation` WHERE ( `id` = 26 ) LIMIT 1   [ RunTime:0.000124s ]
SQL: SELECT * FROM `kr_navigation` WHERE ( `id` = 26 ) LIMIT 1   [ RunTime:0.000123s ]
SQL: SELECT * FROM `kr_navigation` WHERE ( `id` = 26 ) LIMIT 1   [ RunTime:0.000117s ]
SQL: SELECT `id`,`title`,`time` FROM kr_article a WHERE ( `nav_id` = '26' ) LIMIT 1   [ RunTime:0.000133s ]
SQL: SELECT `title`,`content`,`img` FROM `kr_paragraph` WHERE ( `aid` = 63 )  [ RunTime:0.000165s ]
SQL: SELECT `id` FROM `kr_navigation` WHERE ( `fid` IN ('2','16') )  [ RunTime:0.000126s ]
SQL: SELECT `id`,`title` FROM kr_article a WHERE ( `nav_id` IN ('27','9','10','17','36') ) ORDER BY time desc LIMIT 5   [ RunTime:0.000164s ]
SQL: SELECT `content` FROM `kr_paragraph` WHERE ( `aid` = 80 ) LIMIT 1   [ RunTime:0.000131s ]
SQL: SELECT `content` FROM `kr_paragraph` WHERE ( `aid` = 79 ) LIMIT 1   [ RunTime:0.000141s ]
SQL: SELECT `content` FROM `kr_paragraph` WHERE ( `aid` = 68 ) LIMIT 1   [ RunTime:0.000152s ]
SQL: SELECT `content` FROM `kr_paragraph` WHERE ( `aid` = 65 ) LIMIT 1   [ RunTime:0.000130s ]
SQL: SELECT `content` FROM `kr_paragraph` WHERE ( `aid` = 55 ) LIMIT 1   [ RunTime:0.000126s ]
INFO: [ view_template ] --START--
INFO: Run LocationTemplate Behavior [ RunTime:0.001469s ]
INFO: [ view_template ] --END-- [ RunTime:0.001528s ]
INFO: [ view_parse ] --START--
INFO: Run ParseTemplate Behavior [ RunTime:0.026856s ]
INFO: [ view_parse ] --END-- [ RunTime:0.026934s ]
INFO: [ view_filter ] --START--
INFO: Run ContentReplace Behavior [ RunTime:0.000794s ]
INFO: Run TokenBuild Behavior [ RunTime:0.000672s ]
INFO: Run WriteHtmlCache Behavior [ RunTime:0.000809s ]
INFO: Run ShowRuntime Behavior [ RunTime:0.001116s ]
INFO: [ view_filter ] --END-- [ RunTime:0.003564s ]
INFO: [ view_end ] --START--
INFO: Run ShowPageTrace Behavior [ RunTime:0.001199s ]
INFO: [ view_end ] --END-- [ RunTime:0.001267s ]

[ 2013-11-29T16:51:03+08:00 ] 127.0.0.1 /kry_first/index.php/Index/content/detail/1
INFO: [ route_check ] --START--
INFO: Run CheckRoute Behavior [ RunTime:0.000610s ]
INFO: [ route_check ] --END-- [ RunTime:0.000683s ]
INFO: [ app_begin ] --START--
INFO: Run ReadHtmlCache Behavior [ RunTime:0.000389s ]
INFO: [ app_begin ] --END-- [ RunTime:0.000445s ]
SQL: SHOW COLUMNS FROM `kr_navigation` [ RunTime:0.001462s ]
SQL: SHOW COLUMNS FROM `kr_article` [ RunTime:0.001393s ]
NOTIC: [2] Missing argument 1 for Menu::getNav(), called in F:\AppServ\www\kry_first\kingray\Lib\Common\Menu.class.php on line 14 and defined F:\AppServ\www\kry_first\kingray\Lib\Common\Menu.class.php 第 20 行.
SQL: SELECT `id`,`nav_name` FROM `kr_navigation` WHERE ( `fid` = 0 ) ORDER BY sort  [ RunTime:0.000164s ]
SQL: SELECT `id`,`nav_name` FROM `kr_navigation` WHERE ( `fid` = 1 ) ORDER BY sort  [ RunTime:0.000134s ]
SQL: SELECT `id`,`nav_name` FROM `kr_navigation` WHERE ( `fid` = 11 ) ORDER BY sort  [ RunTime:0.000125s ]
NOTIC: [2] Invalid argument supplied for foreach() F:\AppServ\www\kry_first\kingray\Lib\Common\Menu.class.php 第 31 行.
SQL: SELECT `id`,`nav_name` FROM `kr_navigation` WHERE ( `fid` = 33 ) ORDER BY sort  [ RunTime:0.000149s ]
NOTIC: [2] Invalid argument supplied for foreach() F:\AppServ\www\kry_first\kingray\Lib\Common\Menu.class.php 第 31 行.
SQL: SELECT `id`,`nav_name` FROM `kr_navigation` WHERE ( `fid` = 34 ) ORDER BY sort  [ RunTime:0.000132s ]
NOTIC: [2] Invalid argument supplied for foreach() F:\AppServ\www\kry_first\kingray\Lib\Common\Menu.class.php 第 31 行.
SQL: SELECT `id`,`nav_name` FROM `kr_navigation` WHERE ( `fid` = 8 ) ORDER BY sort  [ RunTime:0.000121s ]
NOTIC: [2] Invalid argument supplied for foreach() F:\AppServ\www\kry_first\kingray\Lib\Common\Menu.class.php 第 31 行.
SQL: SELECT `id`,`nav_name` FROM `kr_navigation` WHERE ( `fid` = 2 ) ORDER BY sort  [ RunTime:0.000121s ]
SQL: SELECT `id`,`nav_name` FROM `kr_navigation` WHERE ( `fid` = 10 ) ORDER BY sort  [ RunTime:0.000116s ]
NOTIC: [2] Invalid argument supplied for foreach() F:\AppServ\www\kry_first\kingray\Lib\Common\Menu.class.php 第 31 行.
SQL: SELECT `id`,`nav_name` FROM `kr_navigation` WHERE ( `fid` = 9 ) ORDER BY sort  [ RunTime:0.000114s ]
NOTIC: [2] Invalid argument supplied for foreach() F:\AppServ\www\kry_first\kingray\Lib\Common\Menu.class.php 第 31 行.
SQL: SELECT `id`,`nav_name` FROM `kr_navigation` WHERE ( `fid` = 36 ) ORDER BY sort  [ RunTime:0.000111s ]
NOTIC: [2] Invalid argument supplied for foreach() F:\AppServ\www\kry_first\kingray\Lib\Common\Menu.class.php 第 31 行.
SQL: SELECT `id`,`nav_name` FROM `kr_navigation` WHERE ( `fid` = 16 ) ORDER BY sort  [ RunTime:0.000113s ]
SQL: SELECT `id`,`nav_name` FROM `kr_navigation` WHERE ( `fid` = 27 ) ORDER BY sort  [ RunTime:0.000111s ]
NOTIC: [2] Invalid argument supplied for foreach() F:\AppServ\www\kry_first\kingray\Lib\Common\Menu.class.php 第 31 行.
SQL: SELECT `id`,`nav_name` FROM `kr_navigation` WHERE ( `fid` = 17 ) ORDER BY sort  [ RunTime:0.000107s ]
NOTIC: [2] Invalid argument supplied for foreach() F:\AppServ\www\kry_first\kingray\Lib\Common\Menu.class.php 第 31 行.
SQL: SELECT `id`,`nav_name` FROM `kr_navigation` WHERE ( `fid` = 18 ) ORDER BY sort  [ RunTime:0.000120s ]
NOTIC: [2] Invalid argument supplied for foreach() F:\AppServ\www\kry_first\kingray\Lib\Common\Menu.class.php 第 31 行.
SQL: SELECT `id`,`nav_name` FROM `kr_navigation` WHERE ( `fid` = 26 ) ORDER BY sort  [ RunTime:0.000112s ]
NOTIC: [2] Invalid argument supplied for foreach() F:\AppServ\www\kry_first\kingray\Lib\Common\Menu.class.php 第 31 行.
SQL: SELECT * FROM `kr_navigation` WHERE ( `id` = 1 ) LIMIT 1   [ RunTime:0.000136s ]
SQL: SELECT `id`,`fid` FROM `kr_navigation` WHERE ( `id` = 1 ) LIMIT 1   [ RunTime:0.000105s ]
SQL: SELECT `id`,`fid`,`nav_name` FROM `kr_navigation` WHERE ( `id` = 1 ) LIMIT 1   [ RunTime:0.000105s ]
SQL: SELECT * FROM `kr_navigation` WHERE ( `id` = 1 ) LIMIT 1   [ RunTime:0.000106s ]
SQL: SELECT `id`,`fid` FROM `kr_navigation` WHERE ( `id` = 1 ) LIMIT 1   [ RunTime:0.000114s ]
SQL: SELECT `id`,`nav_name` FROM `kr_navigation` WHERE ( `fid` = 1 ) ORDER BY sort  [ RunTime:0.000126s ]
SQL: SHOW COLUMNS FROM kr_article a [ RunTime:0.000088s ]
ERR: You have an error in your SQL syntax; check the manual that corresponds to your MySQL server version for the right syntax to use near 'a' at line 1
 [ SQL语句 ] : SHOW COLUMNS FROM kr_article a
SQL: SHOW COLUMNS FROM `kr_paragraph` [ RunTime:0.001129s ]
SQL: SELECT `level` FROM `kr_navigation` WHERE ( `id` = 1 ) LIMIT 1   [ RunTime:0.000325s ]
SQL: SELECT `id` FROM kr_article a WHERE ( `nav_id` = '1' ) LIMIT 1   [ RunTime:0.000144s ]
SQL: SELECT `id` FROM `kr_navigation` WHERE ( `fid` = 1 ) ORDER BY sort LIMIT 1   [ RunTime:0.000142s ]
NOTIC: [2] Missing argument 1 for Content::getNavPath(), called in F:\AppServ\www\kry_first\kingray\Lib\Action\Home\IndexAction.class.php on line 49 and defined F:\AppServ\www\kry_first\kingray\Lib\Common\Content.class.php 第 176 行.
SQL: SELECT `fid` FROM `kr_navigation` WHERE ( `id` = 11 ) LIMIT 1   [ RunTime:0.000128s ]
SQL: SELECT `nav_name`,`id` FROM `kr_navigation` WHERE ( `id` = 1 ) LIMIT 1   [ RunTime:0.000180s ]
SQL: SELECT `nav_name`,`id` FROM `kr_navigation` WHERE ( `id` = 11 ) LIMIT 1   [ RunTime:0.000263s ]
SQL: SELECT * FROM `kr_navigation` WHERE ( `id` = 11 ) LIMIT 1   [ RunTime:0.000122s ]
SQL: SELECT * FROM `kr_navigation` WHERE ( `id` = 11 ) LIMIT 1   [ RunTime:0.000128s ]
SQL: SELECT `id`,`title`,`time` FROM kr_article a WHERE ( `nav_id` = '11' ) LIMIT 1   [ RunTime:0.000126s ]
SQL: SELECT `title`,`content`,`img` FROM `kr_paragraph` WHERE ( `aid` = 61 )  [ RunTime:0.000163s ]
SQL: SELECT `id` FROM `kr_navigation` WHERE ( `fid` IN ('2','16') )  [ RunTime:0.000126s ]
SQL: SELECT `id`,`title` FROM kr_article a WHERE ( `nav_id` IN ('27','9','10','17','36') ) ORDER BY time desc LIMIT 5   [ RunTime:0.000140s ]
SQL: SELECT `content` FROM `kr_paragraph` WHERE ( `aid` = 80 ) LIMIT 1   [ RunTime:0.000131s ]
SQL: SELECT `content` FROM `kr_paragraph` WHERE ( `aid` = 79 ) LIMIT 1   [ RunTime:0.000123s ]
SQL: SELECT `content` FROM `kr_paragraph` WHERE ( `aid` = 68 ) LIMIT 1   [ RunTime:0.000108s ]
SQL: SELECT `content` FROM `kr_paragraph` WHERE ( `aid` = 65 ) LIMIT 1   [ RunTime:0.000104s ]
SQL: SELECT `content` FROM `kr_paragraph` WHERE ( `aid` = 55 ) LIMIT 1   [ RunTime:0.000116s ]
INFO: [ view_template ] --START--
INFO: Run LocationTemplate Behavior [ RunTime:0.000518s ]
INFO: [ view_template ] --END-- [ RunTime:0.000571s ]
INFO: [ view_parse ] --START--
INFO: Run ParseTemplate Behavior [ RunTime:0.020015s ]
INFO: [ view_parse ] --END-- [ RunTime:0.020092s ]
INFO: [ view_filter ] --START--
INFO: Run ContentReplace Behavior [ RunTime:0.000389s ]
INFO: Run TokenBuild Behavior [ RunTime:0.000277s ]
INFO: Run WriteHtmlCache Behavior [ RunTime:0.000175s ]
INFO: Run ShowRuntime Behavior [ RunTime:0.000333s ]
INFO: [ view_filter ] --END-- [ RunTime:0.001314s ]
INFO: [ view_end ] --START--
INFO: Run ShowPageTrace Behavior [ RunTime:0.000410s ]
INFO: [ view_end ] --END-- [ RunTime:0.000459s ]

[ 2013-11-29T16:58:09+08:00 ] 127.0.0.1 /kry_first/index.php/Index/index
INFO: [ route_check ] --START--
INFO: Run CheckRoute Behavior [ RunTime:0.001216s ]
INFO: [ route_check ] --END-- [ RunTime:0.001294s ]
INFO: [ app_begin ] --START--
INFO: Run ReadHtmlCache Behavior [ RunTime:0.000798s ]
INFO: [ app_begin ] --END-- [ RunTime:0.000856s ]
SQL: SHOW COLUMNS FROM `kr_navigation` [ RunTime:0.001558s ]
SQL: SHOW COLUMNS FROM `kr_article` [ RunTime:0.001134s ]
NOTIC: [2] Missing argument 1 for Menu::getNav(), called in F:\AppServ\www\kry_first\kingray\Lib\Common\Menu.class.php on line 14 and defined F:\AppServ\www\kry_first\kingray\Lib\Common\Menu.class.php 第 20 行.
SQL: SELECT `id`,`nav_name` FROM `kr_navigation` WHERE ( `fid` = 0 ) ORDER BY sort  [ RunTime:0.000187s ]
SQL: SELECT `id`,`nav_name` FROM `kr_navigation` WHERE ( `fid` = 1 ) ORDER BY sort  [ RunTime:0.000108s ]
SQL: SELECT `id`,`nav_name` FROM `kr_navigation` WHERE ( `fid` = 11 ) ORDER BY sort  [ RunTime:0.000098s ]
NOTIC: [2] Invalid argument supplied for foreach() F:\AppServ\www\kry_first\kingray\Lib\Common\Menu.class.php 第 31 行.
SQL: SELECT `id`,`nav_name` FROM `kr_navigation` WHERE ( `fid` = 33 ) ORDER BY sort  [ RunTime:0.000134s ]
NOTIC: [2] Invalid argument supplied for foreach() F:\AppServ\www\kry_first\kingray\Lib\Common\Menu.class.php 第 31 行.
SQL: SELECT `id`,`nav_name` FROM `kr_navigation` WHERE ( `fid` = 34 ) ORDER BY sort  [ RunTime:0.000125s ]
NOTIC: [2] Invalid argument supplied for foreach() F:\AppServ\www\kry_first\kingray\Lib\Common\Menu.class.php 第 31 行.
SQL: SELECT `id`,`nav_name` FROM `kr_navigation` WHERE ( `fid` = 8 ) ORDER BY sort  [ RunTime:0.000123s ]
NOTIC: [2] Invalid argument supplied for foreach() F:\AppServ\www\kry_first\kingray\Lib\Common\Menu.class.php 第 31 行.
SQL: SELECT `id`,`nav_name` FROM `kr_navigation` WHERE ( `fid` = 2 ) ORDER BY sort  [ RunTime:0.000111s ]
SQL: SELECT `id`,`nav_name` FROM `kr_navigation` WHERE ( `fid` = 10 ) ORDER BY sort  [ RunTime:0.000099s ]
NOTIC: [2] Invalid argument supplied for foreach() F:\AppServ\www\kry_first\kingray\Lib\Common\Menu.class.php 第 31 行.
SQL: SELECT `id`,`nav_name` FROM `kr_navigation` WHERE ( `fid` = 9 ) ORDER BY sort  [ RunTime:0.000095s ]
NOTIC: [2] Invalid argument supplied for foreach() F:\AppServ\www\kry_first\kingray\Lib\Common\Menu.class.php 第 31 行.
SQL: SELECT `id`,`nav_name` FROM `kr_navigation` WHERE ( `fid` = 36 ) ORDER BY sort  [ RunTime:0.000150s ]
NOTIC: [2] Invalid argument supplied for foreach() F:\AppServ\www\kry_first\kingray\Lib\Common\Menu.class.php 第 31 行.
SQL: SELECT `id`,`nav_name` FROM `kr_navigation` WHERE ( `fid` = 16 ) ORDER BY sort  [ RunTime:0.000152s ]
SQL: SELECT `id`,`nav_name` FROM `kr_navigation` WHERE ( `fid` = 27 ) ORDER BY sort  [ RunTime:0.000923s ]
NOTIC: [2] Invalid argument supplied for foreach() F:\AppServ\www\kry_first\kingray\Lib\Common\Menu.class.php 第 31 行.
SQL: SELECT `id`,`nav_name` FROM `kr_navigation` WHERE ( `fid` = 17 ) ORDER BY sort  [ RunTime:0.000169s ]
NOTIC: [2] Invalid argument supplied for foreach() F:\AppServ\www\kry_first\kingray\Lib\Common\Menu.class.php 第 31 行.
SQL: SELECT `id`,`nav_name` FROM `kr_navigation` WHERE ( `fid` = 18 ) ORDER BY sort  [ RunTime:0.000148s ]
NOTIC: [2] Invalid argument supplied for foreach() F:\AppServ\www\kry_first\kingray\Lib\Common\Menu.class.php 第 31 行.
SQL: SELECT `id`,`nav_name` FROM `kr_navigation` WHERE ( `fid` = 26 ) ORDER BY sort  [ RunTime:0.000165s ]
NOTIC: [2] Invalid argument supplied for foreach() F:\AppServ\www\kry_first\kingray\Lib\Common\Menu.class.php 第 31 行.
NOTIC: [2] Missing argument 1 for Content::__construct(), called in F:\AppServ\www\kry_first\kingray\Lib\Action\Home\IndexAction.class.php on line 14 and defined F:\AppServ\www\kry_first\kingray\Lib\Common\Content.class.php 第 12 行.
SQL: SHOW COLUMNS FROM kr_article a [ RunTime:0.000119s ]
ERR: You have an error in your SQL syntax; check the manual that corresponds to your MySQL server version for the right syntax to use near 'a' at line 1
 [ SQL语句 ] : SHOW COLUMNS FROM kr_article a
SQL: SHOW COLUMNS FROM `kr_paragraph` [ RunTime:0.001386s ]
NOTIC: [8] Undefined variable: id F:\AppServ\www\kry_first\kingray\Lib\Common\Content.class.php 第 16 行.
SQL: SELECT a.id,p.content,p.img FROM kr_article a LEFT JOIN kr_paragraph p on a.id =p.aid  WHERE ( `home_page` = 1 ) ORDER BY time desc LIMIT 1   [ RunTime:0.001118s ]
SQL: SELECT a.id,a.title,p.content,p.img FROM kr_article a LEFT JOIN kr_paragraph p on a.id =p.aid  WHERE ( `home_page` = 2 ) ORDER BY time desc LIMIT 1   [ RunTime:0.001051s ]
SQL: SELECT a.id,a.title,p.content,p.img FROM kr_article a LEFT JOIN kr_paragraph p on a.id =p.aid  WHERE ( `home_page` = 4 ) ORDER BY time desc LIMIT 1   [ RunTime:0.001736s ]
SQL: SELECT a.id,p.content,p.img FROM kr_article a LEFT JOIN kr_paragraph p on a.id =p.aid  WHERE ( `home_page` = 3 ) ORDER BY time desc LIMIT 1   [ RunTime:0.001431s ]
INFO: [ view_template ] --START--
INFO: Run LocationTemplate Behavior [ RunTime:0.002249s ]
INFO: [ view_template ] --END-- [ RunTime:0.002312s ]
INFO: [ view_parse ] --START--
INFO: Run ParseTemplate Behavior [ RunTime:0.022230s ]
INFO: [ view_parse ] --END-- [ RunTime:0.022306s ]
INFO: [ view_filter ] --START--
INFO: Run ContentReplace Behavior [ RunTime:0.001190s ]
INFO: Run TokenBuild Behavior [ RunTime:0.001063s ]
INFO: Run WriteHtmlCache Behavior [ RunTime:0.000922s ]
INFO: Run ShowRuntime Behavior [ RunTime:0.001077s ]
INFO: [ view_filter ] --END-- [ RunTime:0.004425s ]
INFO: [ view_end ] --START--
INFO: Run ShowPageTrace Behavior [ RunTime:0.001224s ]
INFO: [ view_end ] --END-- [ RunTime:0.001273s ]

[ 2013-11-29T16:58:40+08:00 ] 127.0.0.1 /kry_first/index.php/Index/content/detail/2
INFO: [ route_check ] --START--
INFO: Run CheckRoute Behavior [ RunTime:0.000637s ]
INFO: [ route_check ] --END-- [ RunTime:0.000724s ]
INFO: [ app_begin ] --START--
INFO: Run ReadHtmlCache Behavior [ RunTime:0.000422s ]
INFO: [ app_begin ] --END-- [ RunTime:0.000483s ]
SQL: SHOW COLUMNS FROM `kr_navigation` [ RunTime:0.001376s ]
SQL: SHOW COLUMNS FROM `kr_article` [ RunTime:0.001213s ]
NOTIC: [2] Missing argument 1 for Menu::getNav(), called in F:\AppServ\www\kry_first\kingray\Lib\Common\Menu.class.php on line 14 and defined F:\AppServ\www\kry_first\kingray\Lib\Common\Menu.class.php 第 20 行.
SQL: SELECT `id`,`nav_name` FROM `kr_navigation` WHERE ( `fid` = 0 ) ORDER BY sort  [ RunTime:0.000230s ]
SQL: SELECT `id`,`nav_name` FROM `kr_navigation` WHERE ( `fid` = 1 ) ORDER BY sort  [ RunTime:0.000159s ]
SQL: SELECT `id`,`nav_name` FROM `kr_navigation` WHERE ( `fid` = 11 ) ORDER BY sort  [ RunTime:0.000139s ]
NOTIC: [2] Invalid argument supplied for foreach() F:\AppServ\www\kry_first\kingray\Lib\Common\Menu.class.php 第 31 行.
SQL: SELECT `id`,`nav_name` FROM `kr_navigation` WHERE ( `fid` = 33 ) ORDER BY sort  [ RunTime:0.000136s ]
NOTIC: [2] Invalid argument supplied for foreach() F:\AppServ\www\kry_first\kingray\Lib\Common\Menu.class.php 第 31 行.
SQL: SELECT `id`,`nav_name` FROM `kr_navigation` WHERE ( `fid` = 34 ) ORDER BY sort  [ RunTime:0.000134s ]
NOTIC: [2] Invalid argument supplied for foreach() F:\AppServ\www\kry_first\kingray\Lib\Common\Menu.class.php 第 31 行.
SQL: SELECT `id`,`nav_name` FROM `kr_navigation` WHERE ( `fid` = 8 ) ORDER BY sort  [ RunTime:0.000132s ]
NOTIC: [2] Invalid argument supplied for foreach() F:\AppServ\www\kry_first\kingray\Lib\Common\Menu.class.php 第 31 行.
SQL: SELECT `id`,`nav_name` FROM `kr_navigation` WHERE ( `fid` = 2 ) ORDER BY sort  [ RunTime:0.000135s ]
SQL: SELECT `id`,`nav_name` FROM `kr_navigation` WHERE ( `fid` = 10 ) ORDER BY sort  [ RunTime:0.000132s ]
NOTIC: [2] Invalid argument supplied for foreach() F:\AppServ\www\kry_first\kingray\Lib\Common\Menu.class.php 第 31 行.
SQL: SELECT `id`,`nav_name` FROM `kr_navigation` WHERE ( `fid` = 9 ) ORDER BY sort  [ RunTime:0.000140s ]
NOTIC: [2] Invalid argument supplied for foreach() F:\AppServ\www\kry_first\kingray\Lib\Common\Menu.class.php 第 31 行.
SQL: SELECT `id`,`nav_name` FROM `kr_navigation` WHERE ( `fid` = 36 ) ORDER BY sort  [ RunTime:0.000136s ]
NOTIC: [2] Invalid argument supplied for foreach() F:\AppServ\www\kry_first\kingray\Lib\Common\Menu.class.php 第 31 行.
SQL: SELECT `id`,`nav_name` FROM `kr_navigation` WHERE ( `fid` = 16 ) ORDER BY sort  [ RunTime:0.000135s ]
SQL: SELECT `id`,`nav_name` FROM `kr_navigation` WHERE ( `fid` = 27 ) ORDER BY sort  [ RunTime:0.000144s ]
NOTIC: [2] Invalid argument supplied for foreach() F:\AppServ\www\kry_first\kingray\Lib\Common\Menu.class.php 第 31 行.
SQL: SELECT `id`,`nav_name` FROM `kr_navigation` WHERE ( `fid` = 17 ) ORDER BY sort  [ RunTime:0.000136s ]
NOTIC: [2] Invalid argument supplied for foreach() F:\AppServ\www\kry_first\kingray\Lib\Common\Menu.class.php 第 31 行.
SQL: SELECT `id`,`nav_name` FROM `kr_navigation` WHERE ( `fid` = 18 ) ORDER BY sort  [ RunTime:0.000161s ]
NOTIC: [2] Invalid argument supplied for foreach() F:\AppServ\www\kry_first\kingray\Lib\Common\Menu.class.php 第 31 行.
SQL: SELECT `id`,`nav_name` FROM `kr_navigation` WHERE ( `fid` = 26 ) ORDER BY sort  [ RunTime:0.000132s ]
NOTIC: [2] Invalid argument supplied for foreach() F:\AppServ\www\kry_first\kingray\Lib\Common\Menu.class.php 第 31 行.
SQL: SELECT * FROM `kr_navigation` WHERE ( `id` = 2 ) LIMIT 1   [ RunTime:0.000136s ]
SQL: SELECT `id`,`fid` FROM `kr_navigation` WHERE ( `id` = 2 ) LIMIT 1   [ RunTime:0.000149s ]
SQL: SELECT `id`,`fid`,`nav_name` FROM `kr_navigation` WHERE ( `id` = 2 ) LIMIT 1   [ RunTime:0.000129s ]
SQL: SELECT * FROM `kr_navigation` WHERE ( `id` = 2 ) LIMIT 1   [ RunTime:0.000129s ]
SQL: SELECT `id`,`fid` FROM `kr_navigation` WHERE ( `id` = 2 ) LIMIT 1   [ RunTime:0.000125s ]
SQL: SELECT `id`,`nav_name` FROM `kr_navigation` WHERE ( `fid` = 2 ) ORDER BY sort  [ RunTime:0.000143s ]
SQL: SHOW COLUMNS FROM kr_article a [ RunTime:0.000108s ]
ERR: You have an error in your SQL syntax; check the manual that corresponds to your MySQL server version for the right syntax to use near 'a' at line 1
 [ SQL语句 ] : SHOW COLUMNS FROM kr_article a
SQL: SHOW COLUMNS FROM `kr_paragraph` [ RunTime:0.001364s ]
SQL: SELECT `level` FROM `kr_navigation` WHERE ( `id` = 2 ) LIMIT 1   [ RunTime:0.000245s ]
SQL: SELECT `id` FROM kr_article a WHERE ( `nav_id` = '2' ) LIMIT 1   [ RunTime:0.000139s ]
SQL: SELECT `id` FROM `kr_navigation` WHERE ( `fid` = 2 ) ORDER BY sort LIMIT 1   [ RunTime:0.000137s ]
NOTIC: [2] Missing argument 1 for Content::getNavPath(), called in F:\AppServ\www\kry_first\kingray\Lib\Action\Home\IndexAction.class.php on line 49 and defined F:\AppServ\www\kry_first\kingray\Lib\Common\Content.class.php 第 176 行.
SQL: SELECT `fid` FROM `kr_navigation` WHERE ( `id` = 10 ) LIMIT 1   [ RunTime:0.000122s ]
SQL: SELECT `nav_name`,`id` FROM `kr_navigation` WHERE ( `id` = 2 ) LIMIT 1   [ RunTime:0.000129s ]
SQL: SELECT `nav_name`,`id` FROM `kr_navigation` WHERE ( `id` = 10 ) LIMIT 1   [ RunTime:0.000124s ]
SQL: SELECT * FROM `kr_navigation` WHERE ( `id` = 10 ) LIMIT 1   [ RunTime:0.000129s ]
SQL: SELECT * FROM `kr_navigation` WHERE ( `id` = 10 ) LIMIT 1   [ RunTime:0.000106s ]
SQL: SELECT `id`,`title`,`time` FROM kr_article a WHERE ( `nav_id` = '10' ) LIMIT 1   [ RunTime:0.000112s ]
SQL: SELECT `title`,`content`,`img` FROM `kr_paragraph` WHERE ( `aid` = 68 )  [ RunTime:0.000143s ]
SQL: SELECT `id` FROM `kr_navigation` WHERE ( `fid` IN ('2','16') )  [ RunTime:0.000112s ]
SQL: SELECT `id`,`title` FROM kr_article a WHERE ( `nav_id` IN ('27','9','10','17','36') ) ORDER BY time desc LIMIT 5   [ RunTime:0.000124s ]
SQL: SELECT `content` FROM `kr_paragraph` WHERE ( `aid` = 80 ) LIMIT 1   [ RunTime:0.000114s ]
SQL: SELECT `content` FROM `kr_paragraph` WHERE ( `aid` = 79 ) LIMIT 1   [ RunTime:0.000131s ]
SQL: SELECT `content` FROM `kr_paragraph` WHERE ( `aid` = 68 ) LIMIT 1   [ RunTime:0.000114s ]
SQL: SELECT `content` FROM `kr_paragraph` WHERE ( `aid` = 65 ) LIMIT 1   [ RunTime:0.000098s ]
SQL: SELECT `content` FROM `kr_paragraph` WHERE ( `aid` = 55 ) LIMIT 1   [ RunTime:0.000108s ]
INFO: [ view_template ] --START--
INFO: Run LocationTemplate Behavior [ RunTime:0.001953s ]
INFO: [ view_template ] --END-- [ RunTime:0.002010s ]
INFO: [ view_parse ] --START--
INFO: Run ParseTemplate Behavior [ RunTime:0.023838s ]
INFO: [ view_parse ] --END-- [ RunTime:0.023909s ]
INFO: [ view_filter ] --START--
INFO: Run ContentReplace Behavior [ RunTime:0.001144s ]
INFO: Run TokenBuild Behavior [ RunTime:0.001024s ]
INFO: Run WriteHtmlCache Behavior [ RunTime:0.001063s ]
INFO: Run ShowRuntime Behavior [ RunTime:0.001127s ]
INFO: [ view_filter ] --END-- [ RunTime:0.004509s ]
INFO: [ view_end ] --START--
INFO: Run ShowPageTrace Behavior [ RunTime:0.001197s ]
INFO: [ view_end ] --END-- [ RunTime:0.001246s ]

[ 2013-11-29T16:58:52+08:00 ] 127.0.0.1 /kry_first/index.php/Index/content/detail/9
INFO: [ route_check ] --START--
INFO: Run CheckRoute Behavior [ RunTime:0.000976s ]
INFO: [ route_check ] --END-- [ RunTime:0.001047s ]
INFO: [ app_begin ] --START--
INFO: Run ReadHtmlCache Behavior [ RunTime:0.000824s ]
INFO: [ app_begin ] --END-- [ RunTime:0.000881s ]
SQL: SHOW COLUMNS FROM `kr_navigation` [ RunTime:0.001483s ]
SQL: SHOW COLUMNS FROM `kr_article` [ RunTime:0.001210s ]
NOTIC: [2] Missing argument 1 for Menu::getNav(), called in F:\AppServ\www\kry_first\kingray\Lib\Common\Menu.class.php on line 14 and defined F:\AppServ\www\kry_first\kingray\Lib\Common\Menu.class.php 第 20 行.
SQL: SELECT `id`,`nav_name` FROM `kr_navigation` WHERE ( `fid` = 0 ) ORDER BY sort  [ RunTime:0.000198s ]
SQL: SELECT `id`,`nav_name` FROM `kr_navigation` WHERE ( `fid` = 1 ) ORDER BY sort  [ RunTime:0.000173s ]
SQL: SELECT `id`,`nav_name` FROM `kr_navigation` WHERE ( `fid` = 11 ) ORDER BY sort  [ RunTime:0.000153s ]
NOTIC: [2] Invalid argument supplied for foreach() F:\AppServ\www\kry_first\kingray\Lib\Common\Menu.class.php 第 31 行.
SQL: SELECT `id`,`nav_name` FROM `kr_navigation` WHERE ( `fid` = 33 ) ORDER BY sort  [ RunTime:0.000172s ]
NOTIC: [2] Invalid argument supplied for foreach() F:\AppServ\www\kry_first\kingray\Lib\Common\Menu.class.php 第 31 行.
SQL: SELECT `id`,`nav_name` FROM `kr_navigation` WHERE ( `fid` = 34 ) ORDER BY sort  [ RunTime:0.000151s ]
NOTIC: [2] Invalid argument supplied for foreach() F:\AppServ\www\kry_first\kingray\Lib\Common\Menu.class.php 第 31 行.
SQL: SELECT `id`,`nav_name` FROM `kr_navigation` WHERE ( `fid` = 8 ) ORDER BY sort  [ RunTime:0.000155s ]
NOTIC: [2] Invalid argument supplied for foreach() F:\AppServ\www\kry_first\kingray\Lib\Common\Menu.class.php 第 31 行.
SQL: SELECT `id`,`nav_name` FROM `kr_navigation` WHERE ( `fid` = 2 ) ORDER BY sort  [ RunTime:0.000154s ]
SQL: SELECT `id`,`nav_name` FROM `kr_navigation` WHERE ( `fid` = 10 ) ORDER BY sort  [ RunTime:0.000146s ]
NOTIC: [2] Invalid argument supplied for foreach() F:\AppServ\www\kry_first\kingray\Lib\Common\Menu.class.php 第 31 行.
SQL: SELECT `id`,`nav_name` FROM `kr_navigation` WHERE ( `fid` = 9 ) ORDER BY sort  [ RunTime:0.000153s ]
NOTIC: [2] Invalid argument supplied for foreach() F:\AppServ\www\kry_first\kingray\Lib\Common\Menu.class.php 第 31 行.
SQL: SELECT `id`,`nav_name` FROM `kr_navigation` WHERE ( `fid` = 36 ) ORDER BY sort  [ RunTime:0.000146s ]
NOTIC: [2] Invalid argument supplied for foreach() F:\AppServ\www\kry_first\kingray\Lib\Common\Menu.class.php 第 31 行.
SQL: SELECT `id`,`nav_name` FROM `kr_navigation` WHERE ( `fid` = 16 ) ORDER BY sort  [ RunTime:0.000148s ]
SQL: SELECT `id`,`nav_name` FROM `kr_navigation` WHERE ( `fid` = 27 ) ORDER BY sort  [ RunTime:0.000144s ]
NOTIC: [2] Invalid argument supplied for foreach() F:\AppServ\www\kry_first\kingray\Lib\Common\Menu.class.php 第 31 行.
SQL: SELECT `id`,`nav_name` FROM `kr_navigation` WHERE ( `fid` = 17 ) ORDER BY sort  [ RunTime:0.000178s ]
NOTIC: [2] Invalid argument supplied for foreach() F:\AppServ\www\kry_first\kingray\Lib\Common\Menu.class.php 第 31 行.
SQL: SELECT `id`,`nav_name` FROM `kr_navigation` WHERE ( `fid` = 18 ) ORDER BY sort  [ RunTime:0.000134s ]
NOTIC: [2] Invalid argument supplied for foreach() F:\AppServ\www\kry_first\kingray\Lib\Common\Menu.class.php 第 31 行.
SQL: SELECT `id`,`nav_name` FROM `kr_navigation` WHERE ( `fid` = 26 ) ORDER BY sort  [ RunTime:0.000126s ]
NOTIC: [2] Invalid argument supplied for foreach() F:\AppServ\www\kry_first\kingray\Lib\Common\Menu.class.php 第 31 行.
SQL: SELECT * FROM `kr_navigation` WHERE ( `id` = 9 ) LIMIT 1   [ RunTime:0.000126s ]
SQL: SELECT `id`,`fid` FROM `kr_navigation` WHERE ( `id` = 9 ) LIMIT 1   [ RunTime:0.000111s ]
SQL: SELECT `id`,`fid`,`nav_name` FROM `kr_navigation` WHERE ( `id` = 2 ) LIMIT 1   [ RunTime:0.000112s ]
SQL: SELECT * FROM `kr_navigation` WHERE ( `id` = 9 ) LIMIT 1   [ RunTime:0.000110s ]
SQL: SELECT `id`,`fid` FROM `kr_navigation` WHERE ( `id` = 9 ) LIMIT 1   [ RunTime:0.000106s ]
SQL: SELECT `id`,`nav_name` FROM `kr_navigation` WHERE ( `fid` = 2 ) ORDER BY sort  [ RunTime:0.000124s ]
SQL: SHOW COLUMNS FROM kr_article a [ RunTime:0.000098s ]
ERR: You have an error in your SQL syntax; check the manual that corresponds to your MySQL server version for the right syntax to use near 'a' at line 1
 [ SQL语句 ] : SHOW COLUMNS FROM kr_article a
SQL: SHOW COLUMNS FROM `kr_paragraph` [ RunTime:0.001313s ]
SQL: SELECT `level` FROM `kr_navigation` WHERE ( `id` = 9 ) LIMIT 1   [ RunTime:0.000347s ]
NOTIC: [2] Missing argument 1 for Content::getNavPath(), called in F:\AppServ\www\kry_first\kingray\Lib\Action\Home\IndexAction.class.php on line 49 and defined F:\AppServ\www\kry_first\kingray\Lib\Common\Content.class.php 第 176 行.
SQL: SELECT `fid` FROM `kr_navigation` WHERE ( `id` = 9 ) LIMIT 1   [ RunTime:0.000139s ]
SQL: SELECT `nav_name`,`id` FROM `kr_navigation` WHERE ( `id` = 2 ) LIMIT 1   [ RunTime:0.000136s ]
SQL: SELECT `nav_name`,`id` FROM `kr_navigation` WHERE ( `id` = 9 ) LIMIT 1   [ RunTime:0.000131s ]
SQL: SELECT * FROM `kr_navigation` WHERE ( `id` = 9 ) LIMIT 1   [ RunTime:0.000135s ]
SQL: SELECT * FROM `kr_navigation` WHERE ( `id` = 9 ) LIMIT 1   [ RunTime:0.000135s ]
SQL: SELECT `id`,`title`,`time` FROM kr_article a WHERE ( `nav_id` = '9' ) LIMIT 1   [ RunTime:0.000146s ]
SQL: SELECT `title`,`content`,`img` FROM `kr_paragraph` WHERE ( `aid` = 65 )  [ RunTime:0.000180s ]
SQL: SELECT `id` FROM `kr_navigation` WHERE ( `fid` IN ('2','16') )  [ RunTime:0.000166s ]
SQL: SELECT `id`,`title` FROM kr_article a WHERE ( `nav_id` IN ('27','9','10','17','36') ) ORDER BY time desc LIMIT 5   [ RunTime:0.000158s ]
SQL: SELECT `content` FROM `kr_paragraph` WHERE ( `aid` = 80 ) LIMIT 1   [ RunTime:0.000145s ]
SQL: SELECT `content` FROM `kr_paragraph` WHERE ( `aid` = 79 ) LIMIT 1   [ RunTime:0.000159s ]
SQL: SELECT `content` FROM `kr_paragraph` WHERE ( `aid` = 68 ) LIMIT 1   [ RunTime:0.000126s ]
SQL: SELECT `content` FROM `kr_paragraph` WHERE ( `aid` = 65 ) LIMIT 1   [ RunTime:0.000124s ]
SQL: SELECT `content` FROM `kr_paragraph` WHERE ( `aid` = 55 ) LIMIT 1   [ RunTime:0.000135s ]
INFO: [ view_template ] --START--
INFO: Run LocationTemplate Behavior [ RunTime:0.001892s ]
INFO: [ view_template ] --END-- [ RunTime:0.001961s ]
INFO: [ view_parse ] --START--
INFO: Run ParseTemplate Behavior [ RunTime:0.024362s ]
INFO: [ view_parse ] --END-- [ RunTime:0.024438s ]
INFO: [ view_filter ] --START--
INFO: Run ContentReplace Behavior [ RunTime:0.001149s ]
INFO: Run TokenBuild Behavior [ RunTime:0.001052s ]
INFO: Run WriteHtmlCache Behavior [ RunTime:0.000932s ]
INFO: Run ShowRuntime Behavior [ RunTime:0.001095s ]
INFO: [ view_filter ] --END-- [ RunTime:0.004379s ]
INFO: [ view_end ] --START--
INFO: Run ShowPageTrace Behavior [ RunTime:0.001206s ]
INFO: [ view_end ] --END-- [ RunTime:0.001256s ]

[ 2013-11-29T17:45:05+08:00 ] 127.0.0.1 /kry_first/index.php/Index/content/detail/18
INFO: [ route_check ] --START--
INFO: Run CheckRoute Behavior [ RunTime:0.001389s ]
INFO: [ route_check ] --END-- [ RunTime:0.001462s ]
INFO: [ app_begin ] --START--
INFO: Run ReadHtmlCache Behavior [ RunTime:0.000786s ]
INFO: [ app_begin ] --END-- [ RunTime:0.000843s ]
SQL: SHOW COLUMNS FROM `kr_navigation` [ RunTime:0.001744s ]
SQL: SHOW COLUMNS FROM `kr_article` [ RunTime:0.001970s ]
NOTIC: [2] Missing argument 1 for Menu::getNav(), called in F:\AppServ\www\kry_first\kingray\Lib\Common\Menu.class.php on line 14 and defined F:\AppServ\www\kry_first\kingray\Lib\Common\Menu.class.php 第 20 行.
SQL: SELECT `id`,`nav_name` FROM `kr_navigation` WHERE ( `fid` = 0 ) ORDER BY sort  [ RunTime:0.000580s ]
SQL: SELECT `id`,`nav_name` FROM `kr_navigation` WHERE ( `fid` = 1 ) ORDER BY sort  [ RunTime:0.000154s ]
SQL: SELECT `id`,`nav_name` FROM `kr_navigation` WHERE ( `fid` = 11 ) ORDER BY sort  [ RunTime:0.000139s ]
NOTIC: [2] Invalid argument supplied for foreach() F:\AppServ\www\kry_first\kingray\Lib\Common\Menu.class.php 第 31 行.
SQL: SELECT `id`,`nav_name` FROM `kr_navigation` WHERE ( `fid` = 33 ) ORDER BY sort  [ RunTime:0.000133s ]
NOTIC: [2] Invalid argument supplied for foreach() F:\AppServ\www\kry_first\kingray\Lib\Common\Menu.class.php 第 31 行.
SQL: SELECT `id`,`nav_name` FROM `kr_navigation` WHERE ( `fid` = 34 ) ORDER BY sort  [ RunTime:0.000139s ]
NOTIC: [2] Invalid argument supplied for foreach() F:\AppServ\www\kry_first\kingray\Lib\Common\Menu.class.php 第 31 行.
SQL: SELECT `id`,`nav_name` FROM `kr_navigation` WHERE ( `fid` = 8 ) ORDER BY sort  [ RunTime:0.000131s ]
NOTIC: [2] Invalid argument supplied for foreach() F:\AppServ\www\kry_first\kingray\Lib\Common\Menu.class.php 第 31 行.
SQL: SELECT `id`,`nav_name` FROM `kr_navigation` WHERE ( `fid` = 2 ) ORDER BY sort  [ RunTime:0.000126s ]
SQL: SELECT `id`,`nav_name` FROM `kr_navigation` WHERE ( `fid` = 10 ) ORDER BY sort  [ RunTime:0.000127s ]
NOTIC: [2] Invalid argument supplied for foreach() F:\AppServ\www\kry_first\kingray\Lib\Common\Menu.class.php 第 31 行.
SQL: SELECT `id`,`nav_name` FROM `kr_navigation` WHERE ( `fid` = 9 ) ORDER BY sort  [ RunTime:0.000129s ]
NOTIC: [2] Invalid argument supplied for foreach() F:\AppServ\www\kry_first\kingray\Lib\Common\Menu.class.php 第 31 行.
SQL: SELECT `id`,`nav_name` FROM `kr_navigation` WHERE ( `fid` = 36 ) ORDER BY sort  [ RunTime:0.000127s ]
NOTIC: [2] Invalid argument supplied for foreach() F:\AppServ\www\kry_first\kingray\Lib\Common\Menu.class.php 第 31 行.
SQL: SELECT `id`,`nav_name` FROM `kr_navigation` WHERE ( `fid` = 16 ) ORDER BY sort  [ RunTime:0.000129s ]
SQL: SELECT `id`,`nav_name` FROM `kr_navigation` WHERE ( `fid` = 27 ) ORDER BY sort  [ RunTime:0.000127s ]
NOTIC: [2] Invalid argument supplied for foreach() F:\AppServ\www\kry_first\kingray\Lib\Common\Menu.class.php 第 31 行.
SQL: SELECT `id`,`nav_name` FROM `kr_navigation` WHERE ( `fid` = 17 ) ORDER BY sort  [ RunTime:0.000127s ]
NOTIC: [2] Invalid argument supplied for foreach() F:\AppServ\www\kry_first\kingray\Lib\Common\Menu.class.php 第 31 行.
SQL: SELECT `id`,`nav_name` FROM `kr_navigation` WHERE ( `fid` = 18 ) ORDER BY sort  [ RunTime:0.000127s ]
NOTIC: [2] Invalid argument supplied for foreach() F:\AppServ\www\kry_first\kingray\Lib\Common\Menu.class.php 第 31 行.
SQL: SELECT `id`,`nav_name` FROM `kr_navigation` WHERE ( `fid` = 26 ) ORDER BY sort  [ RunTime:0.000129s ]
NOTIC: [2] Invalid argument supplied for foreach() F:\AppServ\www\kry_first\kingray\Lib\Common\Menu.class.php 第 31 行.
SQL: SELECT * FROM `kr_navigation` WHERE ( `id` = 18 ) LIMIT 1   [ RunTime:0.000136s ]
SQL: SELECT `id`,`fid` FROM `kr_navigation` WHERE ( `id` = 18 ) LIMIT 1   [ RunTime:0.000116s ]
SQL: SELECT `id`,`fid`,`nav_name` FROM `kr_navigation` WHERE ( `id` = 18 ) LIMIT 1   [ RunTime:0.000163s ]
SQL: SELECT * FROM `kr_navigation` WHERE ( `id` = 18 ) LIMIT 1   [ RunTime:0.000120s ]
SQL: SELECT `id`,`fid` FROM `kr_navigation` WHERE ( `id` = 18 ) LIMIT 1   [ RunTime:0.000115s ]
SQL: SELECT `id`,`nav_name` FROM `kr_navigation` WHERE ( `fid` = 18 ) ORDER BY sort  [ RunTime:0.000127s ]
NOTIC: [2] Invalid argument supplied for foreach() F:\AppServ\www\kry_first\kingray\Lib\Common\Menu.class.php 第 79 行.
SQL: SHOW COLUMNS FROM kr_article a [ RunTime:0.000104s ]
ERR: You have an error in your SQL syntax; check the manual that corresponds to your MySQL server version for the right syntax to use near 'a' at line 1
 [ SQL语句 ] : SHOW COLUMNS FROM kr_article a
SQL: SHOW COLUMNS FROM `kr_paragraph` [ RunTime:0.001429s ]
SQL: SELECT `level` FROM `kr_navigation` WHERE ( `id` = 18 ) LIMIT 1   [ RunTime:0.000263s ]
SQL: SELECT `id` FROM kr_article a WHERE ( `nav_id` = '18' ) LIMIT 1   [ RunTime:0.000146s ]
NOTIC: [2] Missing argument 1 for Content::getNavPath(), called in F:\AppServ\www\kry_first\kingray\Lib\Action\Home\IndexAction.class.php on line 49 and defined F:\AppServ\www\kry_first\kingray\Lib\Common\Content.class.php 第 176 行.
SQL: SELECT `fid` FROM `kr_navigation` WHERE ( `id` = 18 ) LIMIT 1   [ RunTime:0.000122s ]
SQL: SELECT `nav_name`,`id` FROM `kr_navigation` WHERE ( `id` = 18 ) LIMIT 1   [ RunTime:0.000154s ]
SQL: SELECT * FROM `kr_navigation` WHERE ( `id` = 18 ) LIMIT 1   [ RunTime:0.000157s ]
SQL: SELECT * FROM `kr_navigation` WHERE ( `id` = 18 ) LIMIT 1   [ RunTime:0.000208s ]
SQL: SELECT COUNT(*) AS tp_count FROM kr_article a WHERE ( `nav_id` = '18' ) LIMIT 1   [ RunTime:0.000241s ]
SQL: SELECT `id`,`title`,`time` FROM kr_article a WHERE ( `nav_id` = '18' ) ORDER BY sort LIMIT 0,5   [ RunTime:0.000160s ]
SQL: SELECT `content` FROM `kr_paragraph` WHERE ( `aid` = 76 ) LIMIT 1   [ RunTime:0.000159s ]
SQL: SELECT `content` FROM `kr_paragraph` WHERE ( `aid` = 78 ) LIMIT 1   [ RunTime:0.000137s ]
SQL: SELECT `id`,`title`,`content` FROM kr_article a WHERE ( `nav_id` = '18' ) AND ( `hot_news` = 1 ) ORDER BY time desc LIMIT 5   [ RunTime:0.000119s ]
ERR: Unknown column 'content' in 'field list'
 [ SQL语句 ] : SELECT `id`,`title`,`content` FROM kr_article a WHERE ( `nav_id` = '18' ) AND ( `hot_news` = 1 ) ORDER BY time desc LIMIT 5  
INFO: [ view_template ] --START--
INFO: Run LocationTemplate Behavior [ RunTime:0.002042s ]
INFO: [ view_template ] --END-- [ RunTime:0.002103s ]
INFO: [ view_parse ] --START--
INFO: Run ParseTemplate Behavior [ RunTime:0.025470s ]
INFO: [ view_parse ] --END-- [ RunTime:0.025548s ]
INFO: [ view_filter ] --START--
INFO: Run ContentReplace Behavior [ RunTime:0.000808s ]
INFO: Run TokenBuild Behavior [ RunTime:0.001056s ]
INFO: Run WriteHtmlCache Behavior [ RunTime:0.000969s ]
INFO: Run ShowRuntime Behavior [ RunTime:0.001207s ]
INFO: [ view_filter ] --END-- [ RunTime:0.004197s ]
INFO: [ view_end ] --START--
INFO: Run ShowPageTrace Behavior [ RunTime:0.001281s ]
INFO: [ view_end ] --END-- [ RunTime:0.001333s ]

